<?xml version="1.0" encoding="UTF-8"?>
<testsuite name="com.example.project.TestBookStore" tests="6" skipped="0" failures="0" errors="0" timestamp="2025-01-23T20:10:15" hostname="codespaces-ffda95" time="13.107">
  <properties/>
  <testcase name="testAddBook()" classname="com.example.project.TestBookStore" time="0.002"/>
  <testcase name="testAddUser()" classname="com.example.project.TestBookStore" time="0.008"/>
  <testcase name="testInsertBooK()" classname="com.example.project.TestBookStore" time="0.002"/>
  <testcase name="testRemoveBook()" classname="com.example.project.TestBookStore" time="0.002"/>
  <testcase name="testRemoveUser()" classname="com.example.project.TestBookStore" time="9.511"/>
  <testcase name="testConsolidateUsers()" classname="com.example.project.TestBookStore" time="3.555"/>
  <system-out><![CDATA[]]></system-out>
  <system-err><![CDATA[]]></system-err>
</testsuite>
